<?xml version="1.0" encoding="utf-8"?>
<!DOCTYPE coverage SYSTEM "http://cobertura.sourceforge.net/xml/coverage-04.dtd">
<coverage line-rate="0.9063981042654028" branch-rate="0.7340604026845637" lines-covered="3060" lines-valid="3376" branches-covered="875" branches-valid="1192" complexity="1824" version="0" timestamp="1778209857">
  <sources>
    <source>C:\git\Cress\src\</source>
  </sources>
  <packages>
    <package name="Cress.Core" line-rate="0.992831541218638" branch-rate="0.6666666666666666" complexity="284">
      <classes>
        <class name="Cress.Core.Models.AcceptanceCriterion" filename="C:\git\Cress\src\Cress.Core\Models\SpecModels.cs" line-rate="1" branch-rate="1" complexity="2">
          <methods>
            <method name="get_Id" signature="()" line-rate="1" branch-rate="1" complexity="1">
              <lines>
                <line number="79" hits="5" branch="false" />
              </lines>
            </method>
            <method name="get_Description" signature="()" line-rate="1" branch-rate="1" complexity="1">
              <lines>
                <line number="80" hits="8" branch="false" />
              </lines>
            </method>
          </methods>
          <lines>
            <line number="79" hits="5" branch="false" />
            <line number="80" hits="8" branch="false" />
          </lines>
        </class>
        <class name="Cress.Core.Models.ArtifactIndex" filename="C:\git\Cress\src\Cress.Core\Models\ExecutionModels.cs" line-rate="1" branch-rate="1" complexity="1">
          <methods>
            <method name="get_Entries" signature="()" line-rate="1" branch-rate="1" complexity="1">
              <lines>
                <line number="120" hits="618" branch="false" />
              </lines>
            </method>
          </methods>
          <lines>
            <line number="120" hits="618" branch="false" />
          </lines>
        </class>
        <class name="Cress.Core.Models.AuthenticationConfig" filename="C:\git\Cress\src\Cress.Core\Models\ProfileModels.cs" line-rate="1" branch-rate="1" complexity="4">
          <methods>
            <method name="get_Header" signature="()" line-rate="1" branch-rate="1" complexity="1">
              <lines>
                <line number="42" hits="2" branch="false" />
              </lines>
            </method>
            <method name="get_Scheme" signature="()" line-rate="1" branch-rate="1" complexity="1">
              <lines>
                <line number="43" hits="2" branch="false" />
              </lines>
            </method>
            <method name="get_Token" signature="()" line-rate="1" branch-rate="1" complexity="1">
              <lines>
                <line number="44" hits="2" branch="false" />
              </lines>
            </method>
            <method name="get_TokenEnvironmentVariable" signature="()" line-rate="1" branch-rate="1" complexity="1">
              <lines>
                <line number="45" hits="2" branch="false" />
              </lines>
            </method>
          </methods>
          <lines>
            <line number="42" hits="2" branch="false" />
            <line number="43" hits="2" branch="false" />
            <line number="44" hits="2" branch="false" />
            <line number="45" hits="2" branch="false" />
          </lines>
        </class>
        <class name="Cress.Core.Models.CressCapability" filename="C:\git\Cress\src\Cress.Core\Models\SpecModels.cs" line-rate="1" branch-rate="1" complexity="9">
          <methods>
            <method name="get_Version" signature="()" line-rate="1" branch-rate="1" complexity="1">
              <lines>
                <line number="63" hits="6" branch="false" />
              </lines>
            </method>
            <method name="get_Id" signature="()" line-rate="1" branch-rate="1" complexity="1">
              <lines>
                <line number="64" hits="11" branch="false" />
              </lines>
            </method>
            <method name="get_Name" signature="()" line-rate="1" branch-rate="1" complexity="1">
              <lines>
                <line number="65" hits="10" branch="false" />
              </lines>
            </method>
            <method name="get_Owner" signature="()" line-rate="1" branch-rate="1" complexity="1">
              <lines>
                <line number="66" hits="3" branch="false" />
              </lines>
            </method>
            <method name="get_Risk" signature="()" line-rate="1" branch-rate="1" complexity="1">
              <lines>
                <line number="67" hits="3" branch="false" />
              </lines>
            </method>
            <method name="get_Tags" signature="()" line-rate="1" branch-rate="1" complexity="1">
              <lines>
                <line number="68" hits="6" branch="false" />
              </lines>
            </method>
            <method name="get_SourceFile" signature="()" line-rate="1" branch-rate="1" complexity="1">
              <lines>
                <line number="71" hits="3" branch="false" />
              </lines>
            </method>
            <method name="get_Rules" signature="()" line-rate="1" branch-rate="1" complexity="1">
              <lines>
                <line number="73" hits="4" branch="false" />
              </lines>
            </method>
            <method name="get_AcceptanceCriteria" signature="()" line-rate="1" branch-rate="1" complexity="1">
              <lines>
                <line number="74" hits="5" branch="false" />
              </lines>
            </method>
          </methods>
          <lines>
            <line number="63" hits="6" branch="false" />
            <line number="64" hits="11" branch="false" />
            <line number="65" hits="10" branch="false" />
            <line number="66" hits="3" branch="false" />
            <line number="67" hits="3" branch="false" />
            <line number="68" hits="6" branch="false" />
            <line number="71" hits="3" branch="false" />
            <line number="73" hits="4" branch="false" />
            <line number="74" hits="5" branch="false" />
          </lines>
        </class>
        <class name="Cress.Core.Models.CressConfig" filename="C:\git\Cress\src\Cress.Core\Models\ConfigurationModels.cs" line-rate="1" branch-rate="1" complexity="7">
          <methods>
            <method name="get_Version" signature="()" line-rate="1" branch-rate="1" complexity="1">
              <lines>
                <line number="7" hits="80" branch="false" />
              </lines>
            </method>
            <method name="get_Project" signature="()" line-rate="1" branch-rate="1" complexity="1">
              <lines>
                <line number="8" hits="324" branch="false" />
              </lines>
            </method>
            <method name="get_Paths" signature="()" line-rate="1" branch-rate="1" complexity="1">
              <lines>
                <line number="9" hits="375" branch="false" />
              </lines>
            </method>
            <method name="get_Defaults" signature="()" line-rate="1" branch-rate="1" complexity="1">
              <lines>
                <line number="10" hits="331" branch="false" />
              </lines>
            </method>
            <method name="get_Flake" signature="()" line-rate="1" branch-rate="1" complexity="1">
              <lines>
                <line number="11" hits="258" branch="false" />
              </lines>
            </method>
            <method name="get_Plugins" signature="()" line-rate="1" branch-rate="1" complexity="1">
              <lines>
                <line number="12" hits="233" branch="false" />
              </lines>
            </method>
            <method name="get_Drivers" signature="()" line-rate="1" branch-rate="1" complexity="1">
              <lines>
                <line number="13" hits="264" branch="false" />
              </lines>
            </method>
          </methods>
          <lines>
            <line number="7" hits="80" branch="false" />
            <line number="8" hits="324" branch="false" />
            <line number="9" hits="375" branch="false" />
            <line number="10" hits="331" branch="false" />
            <line number="11" hits="258" branch="false" />
            <line number="12" hits="233" branch="false" />
            <line number="13" hits="264" branch="false" />
          </lines>
        </class>
        <class name="Cress.Core.Models.CressFlow" filename="C:\git\Cress\src\Cress.Core\Models\SpecModels.cs" line-rate="1" branch-rate="1" complexity="14">
          <methods>
            <method name="get_Version" signature="()" line-rate="1" branch-rate="1" complexity="1">
              <lines>
                <line number="7" hits="257" branch="false" />
              </lines>
            </method>
            <method name="get_Id" signature="()" line-rate="1" branch-rate="1" complexity="1">
              <lines>
                <line number="8" hits="436" branch="false" />
              </lines>
            </method>
            <method name="get_Name" signature="()" line-rate="1" branch-rate="1" complexity="1">
              <lines>
                <line number="9" hits="514" branch="false" />
              </lines>
            </method>
            <method name="get_CapabilityId" signature="()" line-rate="1" branch-rate="1" complexity="1">
              <lines>
                <line number="12" hits="39" branch="false" />
              </lines>
            </method>
            <method name="get_Summary" signature="()" line-rate="1" branch-rate="1" complexity="1">
              <lines>
                <line number="14" hits="147" branch="false" />
              </lines>
            </method>
            <method name="get_Tags" signature="()" line-rate="1" branch-rate="1" complexity="1">
              <lines>
                <line number="15" hits="340" branch="false" />
              </lines>
            </method>
            <method name="get_Traceability" signature="()" line-rate="1" branch-rate="1" complexity="1">
              <lines>
                <line number="16" hits="19" branch="false" />
              </lines>
            </method>
            <method name="get_Personas" signature="()" line-rate="1" branch-rate="1" complexity="1">
              <lines>
                <line number="17" hits="19" branch="false" />
              </lines>
            </method>
            <method name="get_Fixtures" signature="()" line-rate="1" branch-rate="1" complexity="1">
              <lines>
                <line number="18" hits="74" branch="false" />
              </lines>
            </method>
            <method name="get_Given" signature="()" line-rate="1" branch-rate="1" complexity="1">
              <lines>
                <line number="19" hits="20" branch="false" />
              </lines>
            </method>
            <method name="get_When" signature="()" line-rate="1" branch-rate="1" complexity="1">
              <lines>
                <line number="20" hits="854" branch="false" />
              </lines>
            </method>
            <method name="get_Then" signature="()" line-rate="1" branch-rate="1" complexity="1">
              <lines>
                <line number="21" hits="653" branch="false" />
              </lines>
            </method>
            <method name="get_Status" signature="()" line-rate="1" branch-rate="1" complexity="1">
              <lines>
                <line number="22" hits="37" branch="false" />
              </lines>
            </method>
            <method name="get_SourceFile" signature="()" line-rate="1" branch-rate="1" complexity="1">
              <lines>
                <line number="25" hits="112" branch="false" />
              </lines>
            </method>
          </methods>
          <lines>
            <line number="7" hits="257" branch="false" />
            <line number="8" hits="436" branch="false" />
            <line number="9" hits="514" branch="false" />
            <line number="12" hits="39" branch="false" />
            <line number="14" hits="147" branch="false" />
            <line number="15" hits="340" branch="false" />
            <line number="16" hits="19" branch="false" />
            <line number="17" hits="19" branch="false" />
            <line number="18" hits="74" branch="false" />
            <line number="19" hits="20" branch="false" />
            <line number="20" hits="854" branch="false" />
            <line number="21" hits="653" branch="false" />
            <line number="22" hits="37" branch="false" />
            <line number="25" hits="112" branch="false" />
          </lines>
        </class>
        <class name="Cress.Core.Models.CressProfile" filename="C:\git\Cress\src\Cress.Core\Models\ProfileModels.cs" line-rate="1" branch-rate="1" complexity="11">
          <methods>
            <method name="get_Profile" signature="()" line-rate="1" branch-rate="1" complexity="1">
              <lines>
                <line number="7" hits="457" branch="false" />
              </lines>
            </method>
            <method name="get_BaseUrl" signature="()" line-rate="1" branch-rate="1" complexity="1">
              <lines>
                <line number="8" hits="79" branch="false" />
              </lines>
            </method>
            <method name="get_Timeouts" signature="()" line-rate="1" branch-rate="1" complexity="1">
              <lines>
                <line number="9" hits="33" branch="false" />
              </lines>
            </method>
            <method name="get_Evidence" signature="()" line-rate="1" branch-rate="1" complexity="1">
              <lines>
                <line number="10" hits="200" branch="false" />
              </lines>
            </method>
            <method name="get_Secrets" signature="()" line-rate="1" branch-rate="1" complexity="1">
              <lines>
                <line number="11" hits="32" branch="false" />
              </lines>
            </method>
            <method name="get_Authentication" signature="()" line-rate="1" branch-rate="1" complexity="1">
              <lines>
                <line number="12" hits="35" branch="false" />
              </lines>
            </method>
            <method name="get_Headers" signature="()" line-rate="1" branch-rate="1" complexity="1">
              <lines>
                <line number="13" hits="34" branch="false" />
              </lines>
            </method>
            <method name="get_Playwright" signature="()" line-rate="1" branch-rate="1" complexity="1">
              <lines>
                <line number="14" hits="39" branch="false" />
              </lines>
            </method>
            <method name="get_FlaUi" signature="()" line-rate="1" branch-rate="1" complexity="1">
              <lines>
                <line number="16" hits="57" branch="false" />
              </lines>
            </method>
            <method name="get_Variables" signature="()" line-rate="1" branch-rate="1" complexity="1">
              <lines>
                <line number="17" hits="99" branch="false" />
              </lines>
            </method>
            <method name="get_Flake" signature="()" line-rate="1" branch-rate="1" complexity="1">
              <lines>
                <line number="18" hits="67" branch="false" />
              </lines>
            </method>
          </methods>
          <lines>
            <line number="7" hits="457" branch="false" />
            <line number="8" hits="79" branch="false" />
            <line number="9" hits="33" branch="false" />
            <line number="10" hits="200" branch="false" />
            <line number="11" hits="32" branch="false" />
            <line number="12" hits="35" branch="false" />
            <line number="13" hits="34" branch="false" />
            <line number="14" hits="39" branch="false" />
            <line number="16" hits="57" branch="false" />
            <line number="17" hits="99" branch="false" />
            <line number="18" hits="67" branch="false" />
          </lines>
        </class>
        <class name="Cress.Core.Models.DefaultsConfig" filename="C:\git\Cress\src\Cress.Core\Models\ConfigurationModels.cs" line-rate="1" branch-rate="1" complexity="4">
          <methods>
            <method name="get_Timeout" signature="()" line-rate="1" branch-rate="1" complexity="1">
              <lines>
                <line number="35" hits="256" branch="false" />
              </lines>
            </method>
            <method name="get_Retries" signature="()" line-rate="1" branch-rate="1" complexity="1">
              <lines>
                <line number="36" hits="108" branch="false" />
              </lines>
            </method>
            <method name="get_Evidence" signature="()" line-rate="1" branch-rate="1" complexity="1">
              <lines>
                <line number="37" hits="297" branch="false" />
              </lines>
            </method>
            <method name="get_Cleanup" signature="()" line-rate="1" branch-rate="1" complexity="1">
              <lines>
                <line number="38" hits="256" branch="false" />
              </lines>
            </method>
          </methods>
          <lines>
            <line number="35" hits="256" branch="false" />
            <line number="36" hits="108" branch="false" />
            <line number="37" hits="297" branch="false" />
            <line number="38" hits="256" branch="false" />
          </lines>
        </class>
        <class name="Cress.Core.Models.Diagnostic" filename="C:\git\Cress\src\Cress.Core\Models\Diagnostics.cs" line-rate="1" branch-rate="1" complexity="7">
          <methods>
            <method name="get_Severity" signature="()" line-rate="1" branch-rate="1" complexity="1">
              <lines>
                <line number="5" hits="52" branch="false" />
              </lines>
            </method>
            <method name="get_Code" signature="()" line-rate="1" branch-rate="1" complexity="1">
              <lines>
                <line number="6" hits="87" branch="false" />
              </lines>
            </method>
            <method name="get_Message" signature="()" line-rate="1" branch-rate="1" complexity="1">
              <lines>
                <line number="7" hits="60" branch="false" />
              </lines>
            </method>
            <method name="get_File" signature="()" line-rate="1" branch-rate="1" complexity="1">
              <lines>
                <line number="8" hits="35" branch="false" />
              </lines>
            </method>
            <method name="get_Line" signature="()" line-rate="1" branch-rate="1" complexity="1">
              <lines>
                <line number="9" hits="8" branch="false" />
              </lines>
            </method>
            <method name="get_Column" signature="()" line-rate="1" branch-rate="1" complexity="1">
              <lines>
                <line number="10" hits="8" branch="false" />
              </lines>
            </method>
            <method name="get_Details" signature="()" line-rate="1" branch-rate="1" complexity="1">
              <lines>
                <line number="11" hits="7" branch="false" />
              </lines>
            </method>
          </methods>
          <lines>
            <line number="5" hits="52" branch="false" />
            <line number="6" hits="87" branch="false" />
            <line number="7" hits="60" branch="false" />
            <line number="8" hits="35" branch="false" />
            <line number="9" hits="8" branch="false" />
            <line number="10" hits="8" branch="false" />
            <line number="11" hits="7" branch="false" />
          </lines>
        </class>
        <class name="Cress.Core.Models.DriverConfig" filename="C:\git\Cress\src\Cress.Core\Models\ConfigurationModels.cs" line-rate="1" branch-rate="1" complexity="2">
          <methods>
            <method name="get_Enabled" signature="()" line-rate="1" branch-rate="1" complexity="1">
              <lines>
                <line number="48" hits="92" branch="false" />
              </lines>
            </method>
            <method name="get_Config" signature="()" line-rate="1" branch-rate="1" complexity="1">
              <lines>
                <line number="49" hits="28" branch="false" />
              </lines>
            </method>
          </methods>
          <lines>
            <line number="48" hits="92" branch="false" />
            <line number="49" hits="28" branch="false" />
          </lines>
        </class>
        <class name="Cress.Core.Models.DriverExecutionResult" filename="C:\git\Cress\src\Cress.Core\Models\ExecutionModels.cs" line-rate="1" branch-rate="1" complexity="5">
          <methods>
            <method name="get_Outcome" signature="()" line-rate="1" branch-rate="1" complexity="1">
              <lines>
                <line number="102" hits="157" branch="false" />
              </lines>
            </method>
            <method name="get_Message" signature="()" line-rate="1" branch-rate="1" complexity="1">
              <lines>
                <line number="103" hits="98" branch="false" />
              </lines>
            </method>
            <method name="get_FailureClassification" signature="()" line-rate="1" branch-rate="1" complexity="1">
              <lines>
                <line number="104" hits="92" branch="false" />
              </lines>
            </method>
            <method name="get_Outputs" signature="()" line-rate="1" branch-rate="1" complexity="1">
              <lines>
                <line number="105" hits="92" branch="false" />
              </lines>
            </method>
            <method name="get_Artifacts" signature="()" line-rate="1" branch-rate="1" complexity="1">
              <lines>
                <line number="106" hits="108" branch="false" />
              </lines>
            </method>
          </methods>
          <lines>
            <line number="102" hits="157" branch="false" />
            <line number="103" hits="98" branch="false" />
            <line number="104" hits="92" branch="false" />
            <line number="105" hits="92" branch="false" />
            <line number="106" hits="108" branch="false" />
          </lines>
        </class>
        <class name="Cress.Core.Models.EffectiveConfig" filename="C:\git\Cress\src\Cress.Core\Models\ConfigurationModels.cs" line-rate="1" branch-rate="0.7" complexity="13">
          <methods>
            <method name="get_Config" signature="()" line-rate="1" branch-rate="1" complexity="1">
              <lines>
                <line number="69" hits="424" branch="false" />
              </lines>
            </method>
            <method name="get_ActiveProfile" signature="()" line-rate="1" branch-rate="1" complexity="1">
              <lines>
                <line number="70" hits="217" branch="false" />
              </lines>
            </method>
            <method name="get_Profile" signature="()" line-rate="1" branch-rate="1" complexity="1">
              <lines>
                <line number="71" hits="476" branch="false" />
              </lines>
            </method>
            <method name="get_ResolvedFlake" signature="()" line-rate="1" branch-rate="0.7" complexity="10">
              <lines>
                <line number="81" hits="31" branch="false" />
                <line number="82" hits="31" branch="true" condition-coverage="100% (2/2)" />
                <line number="84" hits="29" branch="false" />
                <line number="87" hits="2" branch="true" condition-coverage="63% (5/8)" />
                <line number="88" hits="2" branch="false" />
                <line number="89" hits="2" branch="false" />
                <line number="90" hits="2" branch="false" />
                <line number="91" hits="2" branch="false" />
                <line number="92" hits="2" branch="false" />
                <line number="93" hits="2" branch="false" />
              </lines>
            </method>
          </methods>
          <lines>
            <line number="69" hits="424" branch="false" />
            <line number="70" hits="217" branch="false" />
            <line number="71" hits="476" branch="false" />
            <line number="81" hits="31" branch="false" />
            <line number="82" hits="31" branch="true" condition-coverage="100% (2/2)" />
            <line number="84" hits="29" branch="false" />
            <line number="87" hits="2" branch="true" condition-coverage="63% (5/8)" />
            <line number="88" hits="2" branch="false" />
            <line number="89" hits="2" branch="false" />
            <line number="90" hits="2" branch="false" />
            <line number="91" hits="2" branch="false" />
            <line number="92" hits="2" branch="false" />
            <line number="93" hits="2" branch="false" />
          </lines>
        </class>
        <class name="Cress.Core.Models.EvidenceArtifact" filename="C:\git\Cress\src\Cress.Core\Models\ExecutionModels.cs" line-rate="1" branch-rate="1" complexity="5">
          <methods>
            <method name="get_Category" signature="()" line-rate="1" branch-rate="1" complexity="1">
              <lines>
                <line number="111" hits="323" branch="false" />
              </lines>
            </method>
            <method name="get_RelativePath" signature="()" line-rate="1" branch-rate="1" complexity="1">
              <lines>
                <line number="112" hits="349" branch="false" />
              </lines>
            </method>
            <method name="get_Description" signature="()" line-rate="1" branch-rate="1" complexity="1">
              <lines>
                <line number="113" hits="177" branch="false" />
              </lines>
            </method>
            <method name="get_MediaType" signature="()" line-rate="1" branch-rate="1" complexity="1">
              <lines>
                <line number="114" hits="174" branch="false" />
              </lines>
            </method>
            <method name="get_SizeBytes" signature="()" line-rate="1" branch-rate="1" complexity="1">
              <lines>
                <line number="115" hits="170" branch="false" />
              </lines>
            </method>
          </methods>
          <lines>
            <line number="111" hits="323" branch="false" />
            <line number="112" hits="349" branch="false" />
            <line number="113" hits="177" branch="false" />
            <line number="114" hits="174" branch="false" />
            <line number="115" hits="170" branch="false" />
          </lines>
        </class>
        <class name="Cress.Core.Models.EvidenceProfileConfig" filename="C:\git\Cress\src\Cress.Core\Models\ProfileModels.cs" line-rate="1" branch-rate="1" complexity="3">
          <methods>
            <method name="get_Mode" signature="()" line-rate="1" branch-rate="1" complexity="1">
              <lines>
                <line number="30" hits="65" branch="false" />
              </lines>
            </method>
            <method name="get_Screenshots" signature="()" line-rate="1" branch-rate="1" complexity="1">
              <lines>
                <line number="31" hits="32" branch="false" />
              </lines>
            </method>
            <method name="get_ScreenshotPolicy" signature="()" line-rate="1" branch-rate="1" complexity="1">
              <lines>
                <line number="32" hits="97" branch="false" />
              </lines>
            </method>
          </methods>
          <lines>
            <line number="30" hits="65" branch="false" />
            <line number="31" hits="32" branch="false" />
            <line number="32" hits="97" branch="false" />
          </lines>
        </class>
        <class name="Cress.Core.Models.ExecutionPlan" filename="C:\git\Cress\src\Cress.Core\Models\PlanningModels.cs" line-rate="1" branch-rate="1" complexity="7">
          <methods>
            <method name="get_FlowId" signature="()" line-rate="1" branch-rate="1" complexity="1">
              <lines>
                <line number="12" hits="58" branch="false" />
              </lines>
            </method>
            <method name="get_Name" signature="()" line-rate="1" branch-rate="1" complexity="1">
              <lines>
                <line number="13" hits="44" branch="false" />
              </lines>
            </method>
            <method name="get_CapabilityId" signature="()" line-rate="1" branch-rate="1" complexity="1">
              <lines>
                <line number="14" hits="29" branch="false" />
              </lines>
            </method>
            <method name="get_SourceFile" signature="()" line-rate="1" branch-rate="1" complexity="1">
              <lines>
                <line number="15" hits="29" branch="false" />
              </lines>
            </method>
            <method name="get_Traceability" signature="()" line-rate="1" branch-rate="1" complexity="1">
              <lines>
                <line number="16" hits="29" branch="false" />
              </lines>
            </method>
            <method name="get_RequiredDrivers" signature="()" line-rate="1" branch-rate="1" complexity="1">
              <lines>
                <line number="17" hits="72" branch="false" />
              </lines>
            </method>
            <method name="get_Actions" signature="()" line-rate="1" branch-rate="1" complexity="1">
              <lines>
                <line number="18" hits="60" branch="false" />
              </lines>
            </method>
          </methods>
          <lines>
            <line number="12" hits="58" branch="false" />
            <line number="13" hits="44" branch="false" />
            <line number="14" hits="29" branch="false" />
            <line number="15" hits="29" branch="false" />
            <line number="16" hits="29" branch="false" />
            <line number="17" hits="72" branch="false" />
            <line number="18" hits="60" branch="false" />
          </lines>
        </class>
        <class name="Cress.Core.Models.FixtureDefinition" filename="C:\git\Cress\src\Cress.Core\Models\FixtureModels.cs" line-rate="1" branch-rate="1" complexity="7">
          <methods>
            <method name="get_Type" signature="()" line-rate="1" branch-rate="1" complexity="1">
              <lines>
                <line number="16" hits="10" branch="false" />
              </lines>
            </method>
            <method name="get_Strategy" signature="()" line-rate="1" branch-rate="1" complexity="1">
              <lines>
                <line number="17" hits="10" branch="false" />
              </lines>
            </method>
            <method name="get_Traits" signature="()" line-rate="1" branch-rate="1" complexity="1">
              <lines>
                <line number="18" hits="4" branch="false" />
              </lines>
            </method>
            <method name="get_Cleanup" signature="()" line-rate="1" branch-rate="1" complexity="1">
              <lines>
                <line number="19" hits="7" branch="false" />
              </lines>
            </method>
            <method name="get_Provider" signature="()" line-rate="1" branch-rate="1" complexity="1">
              <lines>
                <line number="20" hits="4" branch="false" />
              </lines>
            </method>
            <method name="get_Name" signature="()" line-rate="1" branch-rate="1" complexity="1">
              <lines>
                <line number="23" hits="7" branch="false" />
              </lines>
            </method>
            <method name="get_SourceFile" signature="()" line-rate="1" branch-rate="1" complexity="1">
              <lines>
                <line number="26" hits="3" branch="false" />
              </lines>
            </method>
          </methods>
          <lines>
            <line number="16" hits="10" branch="false" />
            <line number="17" hits="10" branch="false" />
            <line number="18" hits="4" branch="false" />
            <line number="19" hits="7" branch="false" />
            <line number="20" hits="4" branch="false" />
            <line number="23" hits="7" branch="false" />
            <line number="26" hits="3" branch="false" />
          </lines>
        </class>
        <class name="Cress.Core.Models.FixtureManifest" filename="C:\git\Cress\src\Cress.Core\Models\FixtureModels.cs" line-rate="1" branch-rate="1" complexity="3">
          <methods>
            <method name="get_Version" signature="()" line-rate="1" branch-rate="1" complexity="1">
              <lines>
                <line number="7" hits="6" branch="false" />
              </lines>
            </method>
            <method name="get_Fixtures" signature="()" line-rate="1" branch-rate="1" complexity="1">
              <lines>
                <line number="8" hits="18" branch="false" />
              </lines>
            </method>
            <method name="get_SourceFile" signature="()" line-rate="1" branch-rate="1" complexity="1">
              <lines>
                <line number="11" hits="3" branch="false" />
              </lines>
            </method>
          </methods>
          <lines>
            <line number="7" hits="6" branch="false" />
            <line number="8" hits="18" branch="false" />
            <line number="11" hits="3" branch="false" />
          </lines>
        </class>
        <class name="Cress.Core.Models.FixtureProviderBinding" filename="C:\git\Cress\src\Cress.Core\Models\FixtureModels.cs" line-rate="1" branch-rate="1" complexity="2">
          <methods>
            <method name="get_Plugin" signature="()" line-rate="1" branch-rate="1" complexity="1">
              <lines>
                <line number="31" hits="2" branch="false" />
              </lines>
            </method>
            <method name="get_Operation" signature="()" line-rate="1" branch-rate="1" complexity="1">
              <lines>
                <line number="32" hits="2" branch="false" />
              </lines>
            </method>
          </methods>
          <lines>
            <line number="31" hits="2" branch="false" />
            <line number="32" hits="2" branch="false" />
          </lines>
        </class>
        <class name="Cress.Core.Models.FlakeConfig" filename="C:\git\Cress\src\Cress.Core\Models\ConfigurationModels.cs" line-rate="1" branch-rate="1" complexity="4">
          <methods>
            <method name="get_Window" signature="()" line-rate="1" branch-rate="1" complexity="1">
              <lines>
                <line number="55" hits="262" branch="false" />
              </lines>
            </method>
            <method name="get_MinPasses" signature="()" line-rate="1" branch-rate="1" complexity="1">
              <lines>
                <line number="58" hits="256" branch="false" />
              </lines>
            </method>
            <method name="get_MinFails" signature="()" line-rate="1" branch-rate="1" complexity="1">
              <lines>
                <line number="61" hits="256" branch="false" />
              </lines>
            </method>
            <method name="get_Threshold" signature="()" line-rate="1" branch-rate="1" complexity="1">
              <lines>
                <line number="64" hits="258" branch="false" />
              </lines>
            </method>
          </methods>
          <lines>
            <line number="55" hits="262" branch="false" />
            <line number="58" hits="256" branch="false" />
            <line number="61" hits="256" branch="false" />
            <line number="64" hits="258" branch="false" />
          </lines>
        </class>
        <class name="Cress.Core.Models.FlakeProfileConfig" filename="C:\git\Cress\src\Cress.Core\Models\ProfileModels.cs" line-rate="1" branch-rate="1" complexity="4">
          <methods>
            <method name="get_Window" signature="()" line-rate="1" branch-rate="1" complexity="1">
              <lines>
                <line number="66" hits="6" branch="false" />
              </lines>
            </method>
            <method name="get_MinPasses" signature="()" line-rate="1" branch-rate="1" complexity="1">
              <lines>
                <line number="67" hits="4" branch="false" />
              </lines>
            </method>
            <method name="get_MinFails" signature="()" line-rate="1" branch-rate="1" complexity="1">
              <lines>
                <line number="68" hits="4" branch="false" />
              </lines>
            </method>
            <method name="get_Threshold" signature="()" line-rate="1" branch-rate="1" complexity="1">
              <lines>
                <line number="69" hits="5" branch="false" />
              </lines>
            </method>
          </methods>
          <lines>
            <line number="66" hits="6" branch="false" />
            <line number="67" hits="4" branch="false" />
            <line number="68" hits="4" branch="false" />
            <line number="69" hits="5" branch="false" />
          </lines>
        </class>
        <class name="Cress.Core.Models.FlaUiProfileConfig" filename="C:\git\Cress\src\Cress.Core\Models\ProfileModels.cs" line-rate="1" branch-rate="1" complexity="4">
          <methods>
            <method name="get_ApplicationPath" signature="()" line-rate="1" branch-rate="1" complexity="1">
              <lines>
                <line number="57" hits="2" branch="false" />
              </lines>
            </method>
            <method name="get_Arguments" signature="()" line-rate="1" branch-rate="1" complexity="1">
              <lines>
                <line number="58" hits="2" branch="false" />
              </lines>
            </method>
            <method name="get_WindowTitle" signature="()" line-rate="1" branch-rate="1" complexity="1">
              <lines>
                <line number="59" hits="2" branch="false" />
              </lines>
            </method>
            <method name="get_LaunchTimeoutMs" signature="()" line-rate="1" branch-rate="1" complexity="1">
              <lines>
                <line number="60" hits="2" branch="false" />
              </lines>
            </method>
          </methods>
          <lines>
            <line number="57" hits="2" branch="false" />
            <line number="58" hits="2" branch="false" />
            <line number="59" hits="2" branch="false" />
            <line number="60" hits="2" branch="false" />
          </lines>
        </class>
        <class name="Cress.Core.Models.FlowAction" filename="C:\git\Cress\src\Cress.Core\Models\SpecModels.cs" line-rate="1" branch-rate="1" complexity="2">
          <methods>
            <method name="get_Step" signature="()" line-rate="1" branch-rate="1" complexity="1">
              <lines>
                <line number="48" hits="779" branch="false" />
              </lines>
            </method>
            <method name="get_With" signature="()" line-rate="1" branch-rate="1" complexity="1">
              <lines>
                <line number="50" hits="430" branch="false" />
              </lines>
            </method>
          </methods>
          <lines>
            <line number="48" hits="779" branch="false" />
            <line number="50" hits="430" branch="false" />
          </lines>
        </class>
        <class name="Cress.Core.Models.FlowExpectation" filename="C:\git\Cress\src\Cress.Core\Models\SpecModels.cs" line-rate="1" branch-rate="1" complexity="2">
          <methods>
            <method name="get_Expect" signature="()" line-rate="1" branch-rate="1" complexity="1">
              <lines>
                <line number="56" hits="385" branch="false" />
              </lines>
            </method>
            <method name="get_With" signature="()" line-rate="1" branch-rate="1" complexity="1">
              <lines>
                <line number="58" hits="219" branch="false" />
              </lines>
            </method>
          </methods>
          <lines>
            <line number="56" hits="385" branch="false" />
            <line number="58" hits="219" branch="false" />
          </lines>
        </class>
        <class name="Cress.Core.Models.FlowFixtureRef" filename="C:\git\Cress\src\Cress.Core\Models\SpecModels.cs" line-rate="1" branch-rate="1" complexity="3">
          <methods>
            <method name="get_Use" signature="()" line-rate="1" branch-rate="1" complexity="1">
              <lines>
                <line number="38" hits="11" branch="false" />
              </lines>
            </method>
            <method name="get_Source" signature="()" line-rate="1" branch-rate="1" complexity="1">
              <lines>
                <line number="39" hits="5" branch="false" />
              </lines>
            </method>
            <method name="get_For" signature="()" line-rate="1" branch-rate="1" complexity="1">
              <lines>
                <line number="42" hits="7" branch="false" />
              </lines>
            </method>
          </methods>
          <lines>
            <line number="38" hits="11" branch="false" />
            <line number="39" hits="5" branch="false" />
            <line number="42" hits="7" branch="false" />
          </lines>
        </class>
        <class name="Cress.Core.Models.FlowRunResult" filename="C:\git\Cress\src\Cress.Core\Models\ExecutionModels.cs" line-rate="1" branch-rate="1" complexity="15">
          <methods>
            <method name="get_FlowId" signature="()" line-rate="1" branch-rate="1" complexity="1">
              <lines>
                <line number="66" hits="568" branch="false" />
              </lines>
            </method>
            <method name="get_Name" signature="()" line-rate="1" branch-rate="1" complexity="1">
              <lines>
                <line number="67" hits="392" branch="false" />
              </lines>
            </method>
            <method name="get_CapabilityId" signature="()" line-rate="1" branch-rate="1" complexity="1">
              <lines>
                <line number="68" hits="71" branch="false" />
              </lines>
            </method>
            <method name="get_SourceFile" signature="()" line-rate="1" branch-rate="1" complexity="1">
              <lines>
                <line number="69" hits="46" branch="false" />
              </lines>
            </method>
            <method name="get_Outcome" signature="()" line-rate="1" branch-rate="1" complexity="1">
              <lines>
                <line number="70" hits="958" branch="false" />
              </lines>
            </method>
            <method name="get_FailureMessage" signature="()" line-rate="1" branch-rate="1" complexity="1">
              <lines>
                <line number="71" hits="135" branch="false" />
              </lines>
            </method>
            <method name="get_FailureClassification" signature="()" line-rate="1" branch-rate="1" complexity="1">
              <lines>
                <line number="72" hits="65" branch="false" />
              </lines>
            </method>
            <method name="get_CleanupFailed" signature="()" line-rate="1" branch-rate="1" complexity="1">
              <lines>
                <line number="73" hits="46" branch="false" />
              </lines>
            </method>
            <method name="get_PassedWithRetry" signature="()" line-rate="1" branch-rate="1" complexity="1">
              <lines>
                <line number="74" hits="255" branch="false" />
              </lines>
            </method>
            <method name="get_StartedAt" signature="()" line-rate="1" branch-rate="1" complexity="1">
              <lines>
                <line number="75" hits="81" branch="false" />
              </lines>
            </method>
            <method name="get_EndedAt" signature="()" line-rate="1" branch-rate="1" complexity="1">
              <lines>
                <line number="76" hits="46" branch="false" />
              </lines>
            </method>
            <method name="get_DurationMs" signature="()" line-rate="1" branch-rate="1" complexity="1">
              <lines>
                <line number="77" hits="302" branch="false" />
              </lines>
            </method>
            <method name="get_Drivers" signature="()" line-rate="1" branch-rate="1" complexity="1">
              <lines>
                <line number="78" hits="212" branch="false" />
              </lines>
            </method>
            <method name="get_Traceability" signature="()" line-rate="1" branch-rate="1" complexity="1">
              <lines>
                <line number="79" hits="62" branch="false" />
              </lines>
            </method>
            <method name="get_Steps" signature="()" line-rate="1" branch-rate="1" complexity="1">
              <lines>
                <line number="80" hits="483" branch="false" />
              </lines>
            </method>
          </methods>
          <lines>
            <line number="66" hits="568" branch="false" />
            <line number="67" hits="392" branch="false" />
            <line number="68" hits="71" branch="false" />
            <line number="69" hits="46" branch="false" />
            <line number="70" hits="958" branch="false" />
            <line number="71" hits="135" branch="false" />
            <line number="72" hits="65" branch="false" />
            <line number="73" hits="46" branch="false" />
            <line number="74" hits="255" branch="false" />
            <line number="75" hits="81" branch="false" />
            <line number="76" hits="46" branch="false" />
            <line number="77" hits="302" branch="false" />
            <line number="78" hits="212" branch="false" />
            <line number="79" hits="62" branch="false" />
            <line number="80" hits="483" branch="false" />
          </lines>
        </class>
        <class name="Cress.Core.Models.NormalizedExecutable" filename="C:\git\Cress\src\Cress.Core\Models\NormalizedModels.cs" line-rate="1" branch-rate="1" complexity="4">
          <methods>
            <method name="get_Kind" signature="()" line-rate="1" branch-rate="1" complexity="1">
              <lines>
                <line number="30" hits="133" branch="false" />
              </lines>
            </method>
            <method name="get_Name" signature="()" line-rate="1" branch-rate="1" complexity="1">
              <lines>
                <line number="31" hits="182" branch="false" />
              </lines>
            </method>
            <method name="get_Inputs" signature="()" line-rate="1" branch-rate="1" complexity="1">
              <lines>
                <line number="32" hits="179" branch="false" />
              </lines>
            </method>
            <method name="get_Source" signature="()" line-rate="1" branch-rate="1" complexity="1">
              <lines>
                <line number="33" hits="133" branch="false" />
              </lines>
            </method>
          </methods>
          <lines>
            <line number="30" hits="133" branch="false" />
            <line number="31" hits="182" branch="false" />
            <line number="32" hits="179" branch="false" />
            <line number="33" hits="133" branch="false" />
          </lines>
        </class>
        <class name="Cress.Core.Models.NormalizedFixture" filename="C:\git\Cress\src\Cress.Core\Models\NormalizedModels.cs" line-rate="1" branch-rate="1" complexity="4">
          <methods>
            <method name="get_Name" signature="()" line-rate="1" branch-rate="1" complexity="1">
              <lines>
                <line number="22" hits="3" branch="false" />
              </lines>
            </method>
            <method name="get_Use" signature="()" line-rate="1" branch-rate="1" complexity="1">
              <lines>
                <line number="23" hits="4" branch="false" />
              </lines>
            </method>
            <method name="get_Source" signature="()" line-rate="1" branch-rate="1" complexity="1">
              <lines>
                <line number="24" hits="1" branch="false" />
              </lines>
            </method>
            <method name="get_Bindings" signature="()" line-rate="1" branch-rate="1" complexity="1">
              <lines>
                <line number="25" hits="3" branch="false" />
              </lines>
            </method>
          </methods>
          <lines>
            <line number="22" hits="3" branch="false" />
            <line number="23" hits="4" branch="false" />
            <line number="24" hits="1" branch="false" />
            <line number="25" hits="3" branch="false" />
          </lines>
        </class>
        <class name="Cress.Core.Models.NormalizedFlow" filename="C:\git\Cress\src\Cress.Core\Models\NormalizedModels.cs" line-rate="1" branch-rate="1" complexity="13">
          <methods>
            <method name="get_Version" signature="()" line-rate="1" branch-rate="1" complexity="1">
              <lines>
                <line number="5" hits="65" branch="false" />
              </lines>
            </method>
            <method name="get_FlowId" signature="()" line-rate="1" branch-rate="1" complexity="1">
              <lines>
                <line number="6" hits="193" branch="false" />
              </lines>
            </method>
            <method name="get_Name" signature="()" line-rate="1" branch-rate="1" complexity="1">
              <lines>
                <line number="7" hits="154" branch="false" />
              </lines>
            </method>
            <method name="get_CapabilityId" signature="()" line-rate="1" branch-rate="1" complexity="1">
              <lines>
                <line number="8" hits="66" branch="false" />
              </lines>
            </method>
            <method name="get_Summary" signature="()" line-rate="1" branch-rate="1" complexity="1">
              <lines>
                <line number="9" hits="35" branch="false" />
              </lines>
            </method>
            <method name="get_Tags" signature="()" line-rate="1" branch-rate="1" complexity="1">
              <lines>
                <line number="10" hits="68" branch="false" />
              </lines>
            </method>
            <method name="get_Traceability" signature="()" line-rate="1" branch-rate="1" complexity="1">
              <lines>
                <line number="11" hits="62" branch="false" />
              </lines>
            </method>
            <method name="get_Personas" signature="()" line-rate="1" branch-rate="1" complexity="1">
              <lines>
                <line number="12" hits="65" branch="false" />
              </lines>
            </method>
            <method name="get_Fixtures" signature="()" line-rate="1" branch-rate="1" complexity="1">
              <lines>
                <line number="13" hits="80" branch="false" />
              </lines>
            </method>
            <method name="get_Actions" signature="()" line-rate="1" branch-rate="1" complexity="1">
              <lines>
                <line number="14" hits="86" branch="false" />
              </lines>
            </method>
            <method name="get_Expectations" signature="()" line-rate="1" branch-rate="1" complexity="1">
              <lines>
                <line number="15" hits="86" branch="false" />
              </lines>
            </method>
            <method name="get_Status" signature="()" line-rate="1" branch-rate="1" complexity="1">
              <lines>
                <line number="16" hits="33" branch="false" />
              </lines>
            </method>
            <method name="get_SourceFile" signature="()" line-rate="1" branch-rate="1" complexity="1">
              <lines>
                <line number="17" hits="101" branch="false" />
              </lines>
            </method>
          </methods>
          <lines>
            <line number="5" hits="65" branch="false" />
            <line number="6" hits="193" branch="false" />
            <line number="7" hits="154" branch="false" />
            <line number="8" hits="66" branch="false" />
            <line number="9" hits="35" branch="false" />
            <line number="10" hits="68" branch="false" />
            <line number="11" hits="62" branch="false" />
            <line number="12" hits="65" branch="false" />
            <line number="13" hits="80" branch="false" />
            <line number="14" hits="86" branch="false" />
            <line number="15" hits="86" branch="false" />
            <line number="16" hits="33" branch="false" />
            <line number="17" hits="101" branch="false" />
          </lines>
        </class>
        <class name="Cress.Core.Models.OperationResult`1" filename="C:\git\Cress\src\Cress.Core\Models\Diagnostics.cs" line-rate="1" branch-rate="1" complexity="6">
          <methods>
            <method name="get_Value" signature="()" line-rate="1" branch-rate="1" complexity="1">
              <lines>
                <line number="23" hits="746" branch="false" />
              </lines>
            </method>
            <method name="get_Diagnostics" signature="()" line-rate="1" branch-rate="1" complexity="1">
              <lines>
                <line number="24" hits="627" branch="false" />
              </lines>
            </method>
            <method name="get_Success" signature="()" line-rate="1" branch-rate="1" complexity="4">
              <lines>
                <line number="25" hits="39" branch="true" condition-coverage="100% (4/4)" />
              </lines>
            </method>
          </methods>
          <lines>
            <line number="23" hits="746" branch="false" />
            <line number="24" hits="627" branch="false" />
            <line number="25" hits="39" branch="true" condition-coverage="100% (4/4)" />
          </lines>
        </class>
        <class name="Cress.Core.Models.PathsConfig" filename="C:\git\Cress\src\Cress.Core\Models\ConfigurationModels.cs" line-rate="1" branch-rate="1" complexity="7">
          <methods>
            <method name="get_Capabilities" signature="()" line-rate="1" branch-rate="1" complexity="1">
              <lines>
                <line number="24" hits="309" branch="false" />
              </lines>
            </method>
            <method name="get_Flows" signature="()" line-rate="1" branch-rate="1" complexity="1">
              <lines>
                <line number="25" hits="309" branch="false" />
              </lines>
            </method>
            <method name="get_Models" signature="()" line-rate="1" branch-rate="1" complexity="1">
              <lines>
                <line number="26" hits="288" branch="false" />
              </lines>
            </method>
            <method name="get_Fixtures" signature="()" line-rate="1" branch-rate="1" complexity="1">
              <lines>
                <line number="27" hits="309" branch="false" />
              </lines>
            </method>
            <method name="get_Steps" signature="()" line-rate="1" branch-rate="1" complexity="1">
              <lines>
                <line number="28" hits="309" branch="false" />
              </lines>
            </method>
            <method name="get_Artifacts" signature="()" line-rate="1" branch-rate="1" complexity="1">
              <lines>
                <line number="29" hits="303" branch="false" />
              </lines>
            </method>
            <method name="get_Reports" signature="()" line-rate="1" branch-rate="1" complexity="1">
              <lines>
                <line number="30" hits="302" branch="false" />
              </lines>
            </method>
          </methods>
          <lines>
            <line number="24" hits="309" branch="false" />
            <line number="25" hits="309" branch="false" />
            <line number="26" hits="288" branch="false" />
            <line number="27" hits="309" branch="false" />
            <line number="28" hits="309" branch="false" />
            <line number="29" hits="303" branch="false" />
            <line number="30" hits="302" branch="false" />
          </lines>
        </class>
        <class name="Cress.Core.Models.PlanAction" filename="C:\git\Cress\src\Cress.Core\Models\PlanningModels.cs" line-rate="1" branch-rate="1" complexity="10">
          <methods>
            <method name="get_Kind" signature="()" line-rate="1" branch-rate="1" complexity="1">
              <lines>
                <line number="23" hits="300" branch="false" />
              </lines>
            </method>
            <method name="get_Name" signature="()" line-rate="1" branch-rate="1" complexity="1">
              <lines>
                <line number="24" hits="238" branch="false" />
              </lines>
            </method>
            <method name="get_Step" signature="()" line-rate="1" branch-rate="1" complexity="1">
              <lines>
                <line number="25" hits="74" branch="false" />
              </lines>
            </method>
            <method name="get_Driver" signature="()" line-rate="1" branch-rate="1" complexity="1">
              <lines>
                <line number="26" hits="187" branch="false" />
              </lines>
            </method>
            <method name="get_Plugin" signature="()" line-rate="1" branch-rate="1" complexity="1">
              <lines>
                <line number="27" hits="84" branch="false" />
              </lines>
            </method>
            <method name="get_Operation" signature="()" line-rate="1" branch-rate="1" complexity="1">
              <lines>
                <line number="28" hits="133" branch="false" />
              </lines>
            </method>
            <method name="get_Fixture" signature="()" line-rate="1" branch-rate="1" complexity="1">
              <lines>
                <line number="29" hits="37" branch="false" />
              </lines>
            </method>
            <method name="get_Owner" signature="()" line-rate="1" branch-rate="1" complexity="1">
              <lines>
                <line number="30" hits="107" branch="false" />
              </lines>
            </method>
            <method name="get_RetrySafe" signature="()" line-rate="1" branch-rate="1" complexity="1">
              <lines>
                <line number="31" hits="105" branch="false" />
              </lines>
            </method>
            <method name="get_Inputs" signature="()" line-rate="1" branch-rate="1" complexity="1">
              <lines>
                <line number="32" hits="243" branch="false" />
              </lines>
            </method>
          </methods>
          <lines>
            <line number="23" hits="300" branch="false" />
            <line number="24" hits="238" branch="false" />
            <line number="25" hits="74" branch="false" />
            <line number="26" hits="187" branch="false" />
            <line number="27" hits="84" branch="false" />
            <line number="28" hits="133" branch="false" />
            <line number="29" hits="37" branch="false" />
            <line number="30" hits="107" branch="false" />
            <line number="31" hits="105" branch="false" />
            <line number="32" hits="243" branch="false" />
          </lines>
        </class>
        <class name="Cress.Core.Models.PlanCollection" filename="C:\git\Cress\src\Cress.Core\Models\PlanningModels.cs" line-rate="0.6666666666666666" branch-rate="0" complexity="4">
          <methods>
            <method name="get_Plans" signature="()" line-rate="1" branch-rate="1" complexity="1">
              <lines>
                <line number="5" hits="60" branch="false" />
              </lines>
            </method>
            <method name="get_Diagnostics" signature="()" line-rate="1" branch-rate="1" complexity="1">
              <lines>
                <line number="6" hits="45" branch="false" />
              </lines>
            </method>
            <method name="get_Success" signature="()" line-rate="0" branch-rate="0" complexity="2">
              <lines>
                <line number="7" hits="0" branch="true" condition-coverage="0% (0/2)" />
              </lines>
            </method>
          </methods>
          <lines>
            <line number="5" hits="60" branch="false" />
            <line number="6" hits="45" branch="false" />
            <line number="7" hits="0" branch="true" condition-coverage="0% (0/2)" />
          </lines>
        </class>
        <class name="Cress.Core.Models.PlaywrightProfileConfig" filename="C:\git\Cress\src\Cress.Core\Models\ProfileModels.cs" line-rate="1" branch-rate="1" complexity="3">
          <methods>
            <method name="get_Simulated" signature="()" line-rate="1" branch-rate="1" complexity="1">
              <lines>
                <line number="50" hits="4" branch="false" />
              </lines>
            </method>
            <method name="get_Headless" signature="()" line-rate="1" branch-rate="1" complexity="1">
              <lines>
                <line number="51" hits="9" branch="false" />
              </lines>
            </method>
            <method name="get_Browser" signature="()" line-rate="1" branch-rate="1" complexity="1">
              <lines>
                <line number="52" hits="9" branch="false" />
              </lines>
            </method>
          </methods>
          <lines>
            <line number="50" hits="4" branch="false" />
            <line number="51" hits="9" branch="false" />
            <line number="52" hits="9" branch="false" />
          </lines>
        </class>
        <class name="Cress.Core.Models.PluginsConfig" filename="C:\git\Cress\src\Cress.Core\Models\ConfigurationModels.cs" line-rate="1" branch-rate="1" complexity="1">
          <methods>
            <method name="get_Discover" signature="()" line-rate="1" branch-rate="1" complexity="1">
              <lines>
                <line number="43" hits="256" branch="false" />
              </lines>
            </method>
          </methods>
          <lines>
            <line number="43" hits="256" branch="false" />
          </lines>
        </class>
        <class name="Cress.Core.Models.ProjectConfig" filename="C:\git\Cress\src\Cress.Core\Models\ConfigurationModels.cs" line-rate="1" branch-rate="1" complexity="2">
          <methods>
            <method name="get_Name" signature="()" line-rate="1" branch-rate="1" complexity="1">
              <lines>
                <line number="18" hits="304" branch="false" />
              </lines>
            </method>
            <method name="get_DefaultProfile" signature="()" line-rate="1" branch-rate="1" complexity="1">
              <lines>
                <line number="19" hits="308" branch="false" />
              </lines>
            </method>
          </methods>
          <lines>
            <line number="18" hits="304" branch="false" />
            <line number="19" hits="308" branch="false" />
          </lines>
        </class>
        <class name="Cress.Core.Models.ResolvedFixture" filename="C:\git\Cress\src\Cress.Core\Models\FixtureModels.cs" line-rate="1" branch-rate="1" complexity="4">
          <methods>
            <method name="get_Alias" signature="()" line-rate="1" branch-rate="1" complexity="1">
              <lines>
                <line number="37" hits="4" branch="false" />
              </lines>
            </method>
            <method name="get_DefinitionName" signature="()" line-rate="1" branch-rate="1" complexity="1">
              <lines>
                <line number="38" hits="6" branch="false" />
              </lines>
            </method>
            <method name="get_Definition" signature="()" line-rate="1" branch-rate="1" complexity="1">
              <lines>
                <line number="39" hits="8" branch="false" />
              </lines>
            </method>
            <method name="get_Bindings" signature="()" line-rate="1" branch-rate="1" complexity="1">
              <lines>
                <line number="40" hits="4" branch="false" />
              </lines>
            </method>
          </methods>
          <lines>
            <line number="37" hits="4" branch="false" />
            <line number="38" hits="6" branch="false" />
            <line number="39" hits="8" branch="false" />
            <line number="40" hits="4" branch="false" />
          </lines>
        </class>
        <class name="Cress.Core.Models.RunInvocation" filename="C:\git\Cress\src\Cress.Core\Models\ExecutionModels.cs" line-rate="1" branch-rate="1" complexity="7">
          <methods>
            <method name="get_Trigger" signature="()" line-rate="1" branch-rate="1" complexity="1">
              <lines>
                <line number="55" hits="413" branch="false" />
              </lines>
            </method>
            <method name="get_RequestedFlows" signature="()" line-rate="1" branch-rate="1" complexity="1">
              <lines>
                <line number="56" hits="388" branch="false" />
              </lines>
            </method>
            <method name="get_Tag" signature="()" line-rate="1" branch-rate="1" complexity="1">
              <lines>
                <line number="57" hits="64" branch="false" />
              </lines>
            </method>
            <method name="get_StartFromStep" signature="()" line-rate="1" branch-rate="1" complexity="1">
              <lines>
                <line number="58" hits="77" branch="false" />
              </lines>
            </method>
            <method name="get_RetryCount" signature="()" line-rate="1" branch-rate="1" complexity="1">
              <lines>
                <line number="59" hits="89" branch="false" />
              </lines>
            </method>
            <method name="get_EvidenceMode" signature="()" line-rate="1" branch-rate="1" complexity="1">
              <lines>
                <line number="60" hits="388" branch="false" />
              </lines>
            </method>
            <method name="get_ScreenshotPolicy" signature="()" line-rate="1" branch-rate="1" complexity="1">
              <lines>
                <line number="61" hits="413" branch="false" />
              </lines>
            </method>
          </methods>
          <lines>
            <line number="55" hits="413" branch="false" />
            <line number="56" hits="388" branch="false" />
            <line number="57" hits="64" branch="false" />
            <line number="58" hits="77" branch="false" />
            <line number="59" hits="89" branch="false" />
            <line number="60" hits="388" branch="false" />
            <line number="61" hits="413" branch="false" />
          </lines>
        </class>
        <class name="Cress.Core.Models.RunMetadata" filename="C:\git\Cress\src\Cress.Core\Models\ExecutionModels.cs" line-rate="1" branch-rate="1" complexity="8">
          <methods>
            <method name="get_RunId" signature="()" line-rate="1" branch-rate="1" complexity="1">
              <lines>
                <line number="43" hits="850" branch="false" />
              </lines>
            </method>
            <method name="get_ArtifactRoot" signature="()" line-rate="1" branch-rate="1" complexity="1">
              <lines>
                <line number="44" hits="567" branch="false" />
              </lines>
            </method>
            <method name="get_ProjectName" signature="()" line-rate="1" branch-rate="1" complexity="1">
              <lines>
                <line number="45" hits="572" branch="false" />
              </lines>
            </method>
            <method name="get_Profile" signature="()" line-rate="1" branch-rate="1" complexity="1">
              <lines>
                <line number="46" hits="638" branch="false" />
              </lines>
            </method>
            <method name="get_Environment" signature="()" line-rate="1" branch-rate="1" complexity="1">
              <lines>
                <line number="47" hits="77" branch="false" />
              </lines>
            </method>
            <method name="get_StartedAt" signature="()" line-rate="1" branch-rate="1" complexity="1">
              <lines>
                <line number="48" hits="666" branch="false" />
              </lines>
            </method>
            <method name="get_EndedAt" signature="()" line-rate="1" branch-rate="1" complexity="1">
              <lines>
                <line number="49" hits="119" branch="false" />
              </lines>
            </method>
            <method name="get_DurationMs" signature="()" line-rate="1" branch-rate="1" complexity="1">
              <lines>
                <line number="50" hits="209" branch="false" />
              </lines>
            </method>
          </methods>
          <lines>
            <line number="43" hits="850" branch="false" />
            <line number="44" hits="567" branch="false" />
            <line number="45" hits="572" branch="false" />
            <line number="46" hits="638" branch="false" />
            <line number="47" hits="77" branch="false" />
            <line number="48" hits="666" branch="false" />
            <line number="49" hits="119" branch="false" />
            <line number="50" hits="209" branch="false" />
          </lines>
        </class>
        <class name="Cress.Core.Models.RunOptions" filename="C:\git\Cress\src\Cress.Core\Models\ExecutionModels.cs" line-rate="0.9230769230769231" branch-rate="1" complexity="13">
          <methods>
            <method name="get_FlowPath" signature="()" line-rate="1" branch-rate="1" complexity="1">
              <lines>
                <line number="14" hits="15" branch="false" />
              </lines>
            </method>
            <method name="get_FlowPaths" signature="()" line-rate="1" branch-rate="1" complexity="1">
              <lines>
                <line number="15" hits="30" branch="false" />
              </lines>
            </method>
            <method name="get_Tag" signature="()" line-rate="1" branch-rate="1" complexity="1">
              <lines>
                <line number="16" hits="28" branch="false" />
              </lines>
            </method>
            <method name="get_Profile" signature="()" line-rate="1" branch-rate="1" complexity="1">
              <lines>
                <line number="17" hits="16" branch="false" />
              </lines>
            </method>
            <method name="get_Parallel" signature="()" line-rate="1" branch-rate="1" complexity="1">
              <lines>
                <line number="18" hits="14" branch="false" />
              </lines>
            </method>
            <method name="get_ContinueOnFailure" signature="()" line-rate="1" branch-rate="1" complexity="1">
              <lines>
                <line number="19" hits="14" branch="false" />
              </lines>
            </method>
            <method name="get_DryRun" signature="()" line-rate="0" branch-rate="1" complexity="1">
              <lines>
                <line number="20" hits="0" branch="false" />
              </lines>
            </method>
            <method name="get_EvidenceModeOverride" signature="()" line-rate="1" branch-rate="1" complexity="1">
              <lines>
                <line number="21" hits="42" branch="false" />
              </lines>
            </method>
            <method name="get_ScreenshotPolicyOverride" signature="()" line-rate="1" branch-rate="1" complexity="1">
              <lines>
                <line number="22" hits="30" branch="false" />
              </lines>
            </method>
            <method name="get_StartFromStep" signature="()" line-rate="1" branch-rate="1" complexity="1">
              <lines>
                <line number="23" hits="34" branch="false" />
              </lines>
            </method>
            <method name="get_RetryCountOverride" signature="()" line-rate="1" branch-rate="1" complexity="1">
              <lines>
                <line number="24" hits="49" branch="false" />
              </lines>
            </method>
            <method name="get_Trigger" signature="()" line-rate="1" branch-rate="1" complexity="1">
              <lines>
                <line number="25" hits="14" branch="false" />
              </lines>
            </method>
            <method name="get_ReportFormats" signature="()" line-rate="1" branch-rate="1" complexity="1">
              <lines>
                <line number="26" hits="33" branch="false" />
              </lines>
            </method>
          </methods>
          <lines>
            <line number="14" hits="15" branch="false" />
            <line number="15" hits="30" branch="false" />
            <line number="16" hits="28" branch="false" />
            <line number="17" hits="16" branch="false" />
            <line number="18" hits="14" branch="false" />
            <line number="19" hits="14" branch="false" />
            <line number="20" hits="0" branch="false" />
            <line number="21" hits="42" branch="false" />
            <line number="22" hits="30" branch="false" />
            <line number="23" hits="34" branch="false" />
            <line number="24" hits="49" branch="false" />
            <line number="25" hits="14" branch="false" />
            <line number="26" hits="33" branch="false" />
          </lines>
        </class>
        <class name="Cress.Core.Models.RunResult" filename="C:\git\Cress\src\Cress.Core\Models\ExecutionModels.cs" line-rate="1" branch-rate="0.5" complexity="9">
          <methods>
            <method name="get_Version" signature="()" line-rate="1" branch-rate="1" complexity="1">
              <lines>
                <line number="31" hits="342" branch="false" />
              </lines>
            </method>
            <method name="get_Metadata" signature="()" line-rate="1" branch-rate="1" complexity="1">
              <lines>
                <line number="32" hits="1402" branch="false" />
              </lines>
            </method>
            <method name="get_Invocation" signature="()" line-rate="1" branch-rate="1" complexity="1">
              <lines>
                <line number="33" hits="458" branch="false" />
              </lines>
            </method>
            <method name="get_Flows" signature="()" line-rate="1" branch-rate="1" complexity="1">
              <lines>
                <line number="34" hits="1441" branch="false" />
              </lines>
            </method>
            <method name="get_Diagnostics" signature="()" line-rate="1" branch-rate="1" complexity="1">
              <lines>
                <line number="35" hits="612" branch="false" />
              </lines>
            </method>
            <method name="get_Reports" signature="()" line-rate="1" branch-rate="1" complexity="1">
              <lines>
                <line number="36" hits="386" branch="false" />
              </lines>
            </method>
            <method name="get_ArtifactIndex" signature="()" line-rate="1" branch-rate="1" complexity="1">
              <lines>
                <line number="37" hits="384" branch="false" />
              </lines>
            </method>
            <method name="get_Passed" signature="()" line-rate="1" branch-rate="0.5" complexity="2">
              <lines>
                <line number="38" hits="502" branch="true" condition-coverage="50% (1/2)" />
              </lines>
            </method>
          </methods>
          <lines>
            <line number="31" hits="342" branch="false" />
            <line number="32" hits="1402" branch="false" />
            <line number="33" hits="458" branch="false" />
            <line number="34" hits="1441" branch="false" />
            <line number="35" hits="612" branch="false" />
            <line number="36" hits="386" branch="false" />
            <line number="37" hits="384" branch="false" />
            <line number="38" hits="502" branch="true" condition-coverage="50% (1/2)" />
          </lines>
        </class>
        <class name="Cress.Core.Models.SecretsConfig" filename="C:\git\Cress\src\Cress.Core\Models\ProfileModels.cs" line-rate="1" branch-rate="1" complexity="1">
          <methods>
            <method name="get_Required" signature="()" line-rate="1" branch-rate="1" complexity="1">
              <lines>
                <line number="37" hits="2" branch="false" />
              </lines>
            </method>
          </methods>
          <lines>
            <line number="37" hits="2" branch="false" />
          </lines>
        </class>
        <class name="Cress.Core.Models.SourceReference" filename="C:\git\Cress\src\Cress.Core\Models\NormalizedModels.cs" line-rate="1" branch-rate="1" complexity="3">
          <methods>
            <method name="get_Section" signature="()" line-rate="1" branch-rate="1" complexity="1">
              <lines>
                <line number="38" hits="182" branch="false" />
              </lines>
            </method>
            <method name="get_Index" signature="()" line-rate="1" branch-rate="1" complexity="1">
              <lines>
                <line number="39" hits="84" branch="false" />
              </lines>
            </method>
            <method name="get_SourceFile" signature="()" line-rate="1" branch-rate="1" complexity="1">
              <lines>
                <line number="40" hits="80" branch="false" />
              </lines>
            </method>
          </methods>
          <lines>
            <line number="38" hits="182" branch="false" />
            <line number="39" hits="84" branch="false" />
            <line number="40" hits="80" branch="false" />
          </lines>
        </class>
        <class name="Cress.Core.Models.StepContractField" filename="C:\git\Cress\src\Cress.Core\Models\StepModels.cs" line-rate="1" branch-rate="1" complexity="3">
          <methods>
            <method name="get_Type" signature="()" line-rate="1" branch-rate="1" complexity="1">
              <lines>
                <line number="40" hits="8" branch="false" />
              </lines>
            </method>
            <method name="get_Required" signature="()" line-rate="1" branch-rate="1" complexity="1">
              <lines>
[...]
              </lines>
            </method>
            <method name="get_Outputs" signature="()" line-rate="1" branch-rate="1" complexity="1">
              <lines>
                <line number="66" hits="3" branch="false" />
              </lines>
            </method>
            <method name="get_Artifacts" signature="()" line-rate="1" branch-rate="1" complexity="1">
              <lines>
                <line number="67" hits="3" branch="false" />
              </lines>
            </method>
          </methods>
          <lines>
            <line number="64" hits="2" branch="false" />
            <line number="65" hits="2" branch="false" />
            <line number="66" hits="3" branch="false" />
            <line number="67" hits="3" branch="false" />
          </lines>
        </class>
        <class name="Cress.Sdk.FixtureProviderRegistration" filename="C:\git\Cress\src\Cress.Sdk\PluginAbstractions.cs" line-rate="1" branch-rate="1" complexity="3">
          <methods>
            <method name="get_Operation" signature="()" line-rate="1" branch-rate="1" complexity="1">
              <lines>
                <line number="18" hits="1" branch="false" />
              </lines>
            </method>
            <method name="get_Execute" signature="()" line-rate="1" branch-rate="1" complexity="1">
              <lines>
                <line number="19" hits="2" branch="false" />
              </lines>
            </method>
            <method name=".ctor" signature="(System.String,System.Func`3&lt;Cress.Sdk.FixtureExecutionContext,System.Threading.CancellationToken,System.Threading.Tasks.Task`1&lt;Cress.Sdk.FixtureExecutionResult&gt;&gt;)" line-rate="1" branch-rate="1" complexity="1">
              <lines>
                <line number="17" hits="1" branch="false" />
              </lines>
            </method>
          </methods>
          <lines>
            <line number="17" hits="1" branch="false" />
            <line number="18" hits="1" branch="false" />
            <line number="19" hits="2" branch="false" />
          </lines>
        </class>
        <class name="Cress.Sdk.ICressPluginModule" filename="C:\git\Cress\src\Cress.Sdk\PluginAbstractions.cs" line-rate="1" branch-rate="1" complexity="1">
          <methods>
            <method name="GetFixtureProviders" signature="()" line-rate="1" branch-rate="1" complexity="1">
              <lines>
                <line number="10" hits="1" branch="false" />
              </lines>
            </method>
          </methods>
          <lines>
            <line number="10" hits="1" branch="false" />
          </lines>
        </class>
        <class name="Cress.Sdk.NullCressLogger" filename="C:\git\Cress\src\Cress.Sdk\PluginAbstractions.cs" line-rate="1" branch-rate="1" complexity="4">
          <methods>
            <method name="get_Instance" signature="()" line-rate="1" branch-rate="1" complexity="1">
              <lines>
                <line number="79" hits="40" branch="false" />
              </lines>
            </method>
            <method name="Info" signature="(System.String,System.Collections.Generic.IReadOnlyDictionary`2&lt;System.String,System.String&gt;)" line-rate="1" branch-rate="1" complexity="1">
              <lines>
                <line number="83" hits="1" branch="false" />
              </lines>
            </method>
            <method name="Warning" signature="(System.String,System.Collections.Generic.IReadOnlyDictionary`2&lt;System.String,System.String&gt;)" line-rate="1" branch-rate="1" complexity="1">
              <lines>
                <line number="87" hits="1" branch="false" />
              </lines>
            </method>
            <method name="Error" signature="(System.String,System.Collections.Generic.IReadOnlyDictionary`2&lt;System.String,System.String&gt;)" line-rate="1" branch-rate="1" complexity="1">
              <lines>
                <line number="91" hits="1" branch="false" />
              </lines>
            </method>
          </methods>
          <lines>
            <line number="79" hits="40" branch="false" />
            <line number="83" hits="1" branch="false" />
            <line number="87" hits="1" branch="false" />
            <line number="91" hits="1" branch="false" />
          </lines>
        </class>
        <class name="Cress.Sdk.NullDriverAccessor" filename="C:\git\Cress\src\Cress.Sdk\PluginAbstractions.cs" line-rate="1" branch-rate="1" complexity="3">
          <methods>
            <method name="get_Instance" signature="()" line-rate="1" branch-rate="1" complexity="1">
              <lines>
                <line number="102" hits="37" branch="false" />
              </lines>
            </method>
            <method name="TryGetMetadata" signature="(System.String,System.Collections.Generic.IReadOnlyDictionary`2&lt;System.String,System.String&gt;&amp;)" line-rate="1" branch-rate="1" complexity="1">
              <lines>
                <line number="106" hits="1" branch="false" />
                <line number="107" hits="1" branch="false" />
              </lines>
            </method>
            <method name="Snapshot" signature="()" line-rate="1" branch-rate="1" complexity="1">
              <lines>
                <line number="111" hits="1" branch="false" />
              </lines>
            </method>
          </methods>
          <lines>
            <line number="102" hits="37" branch="false" />
            <line number="106" hits="1" branch="false" />
            <line number="107" hits="1" branch="false" />
            <line number="111" hits="1" branch="false" />
          </lines>
        </class>
        <class name="Cress.Sdk.StepExecutionContext" filename="C:\git\Cress\src\Cress.Sdk\PluginAbstractions.cs" line-rate="1" branch-rate="1" complexity="15">
          <methods>
            <method name="get_FlowId" signature="()" line-rate="1" branch-rate="1" complexity="1">
              <lines>
                <line number="23" hits="7" branch="false" />
              </lines>
            </method>
            <method name="get_StepName" signature="()" line-rate="1" branch-rate="1" complexity="1">
              <lines>
                <line number="24" hits="8" branch="false" />
              </lines>
            </method>
            <method name="get_ArtifactDirectory" signature="()" line-rate="1" branch-rate="1" complexity="1">
              <lines>
                <line number="25" hits="7" branch="false" />
              </lines>
            </method>
            <method name="get_BaseUrl" signature="()" line-rate="1" branch-rate="1" complexity="1">
              <lines>
                <line number="26" hits="4" branch="false" />
              </lines>
            </method>
            <method name="get_Inputs" signature="()" line-rate="1" branch-rate="1" complexity="1">
              <lines>
                <line number="27" hits="13" branch="false" />
              </lines>
            </method>
            <method name="get_Variables" signature="()" line-rate="1" branch-rate="1" complexity="1">
              <lines>
                <line number="28" hits="8" branch="false" />
              </lines>
            </method>
            <method name="get_Fixtures" signature="()" line-rate="1" branch-rate="1" complexity="1">
              <lines>
                <line number="29" hits="7" branch="false" />
              </lines>
            </method>
            <method name="get_Logger" signature="()" line-rate="1" branch-rate="1" complexity="1">
              <lines>
                <line number="30" hits="7" branch="false" />
              </lines>
            </method>
            <method name="get_Drivers" signature="()" line-rate="1" branch-rate="1" complexity="1">
              <lines>
                <line number="31" hits="6" branch="false" />
              </lines>
            </method>
            <method name="GetRequiredInput" signature="(System.String)" line-rate="1" branch-rate="1" complexity="4">
              <lines>
                <line number="34" hits="5" branch="true" condition-coverage="100% (4/4)" />
                <line number="35" hits="5" branch="false" />
                <line number="36" hits="5" branch="false" />
              </lines>
            </method>
            <method name="GetInput" signature="(System.String)" line-rate="1" branch-rate="1" complexity="2">
              <lines>
                <line number="39" hits="2" branch="true" condition-coverage="100% (2/2)" />
              </lines>
            </method>
          </methods>
          <lines>
            <line number="23" hits="7" branch="false" />
            <line number="24" hits="8" branch="false" />
            <line number="25" hits="7" branch="false" />
            <line number="26" hits="4" branch="false" />
            <line number="27" hits="13" branch="false" />
            <line number="28" hits="8" branch="false" />
            <line number="29" hits="7" branch="false" />
            <line number="30" hits="7" branch="false" />
            <line number="31" hits="6" branch="false" />
            <line number="34" hits="5" branch="true" condition-coverage="100% (4/4)" />
            <line number="35" hits="5" branch="false" />
            <line number="36" hits="5" branch="false" />
            <line number="39" hits="2" branch="true" condition-coverage="100% (2/2)" />
          </lines>
        </class>
        <class name="Cress.Sdk.StepExecutionResult" filename="C:\git\Cress\src\Cress.Sdk\PluginAbstractions.cs" line-rate="1" branch-rate="1" complexity="5">
          <methods>
            <method name="get_Success" signature="()" line-rate="1" branch-rate="1" complexity="1">
              <lines>
                <line number="55" hits="6" branch="false" />
              </lines>
            </method>
            <method name="get_Message" signature="()" line-rate="1" branch-rate="1" complexity="1">
              <lines>
                <line number="56" hits="6" branch="false" />
              </lines>
            </method>
            <method name="get_FailureClassification" signature="()" line-rate="1" branch-rate="1" complexity="1">
              <lines>
                <line number="57" hits="5" branch="false" />
              </lines>
            </method>
            <method name="get_Outputs" signature="()" line-rate="1" branch-rate="1" complexity="1">
              <lines>
                <line number="58" hits="8" branch="false" />
              </lines>
            </method>
            <method name="get_Artifacts" signature="()" line-rate="1" branch-rate="1" complexity="1">
              <lines>
                <line number="59" hits="7" branch="false" />
              </lines>
            </method>
          </methods>
          <lines>
            <line number="55" hits="6" branch="false" />
            <line number="56" hits="6" branch="false" />
            <line number="57" hits="5" branch="false" />
            <line number="58" hits="8" branch="false" />
            <line number="59" hits="7" branch="false" />
          </lines>
        </class>
        <class name="Cress.Sdk.StepHandlerRegistration" filename="C:\git\Cress\src\Cress.Sdk\PluginAbstractions.cs" line-rate="1" branch-rate="1" complexity="3">
          <methods>
            <method name="get_Operation" signature="()" line-rate="1" branch-rate="1" complexity="1">
              <lines>
                <line number="14" hits="4" branch="false" />
              </lines>
            </method>
            <method name="get_Execute" signature="()" line-rate="1" branch-rate="1" complexity="1">
              <lines>
                <line number="15" hits="7" branch="false" />
              </lines>
            </method>
            <method name=".ctor" signature="(System.String,System.Func`3&lt;Cress.Sdk.StepExecutionContext,System.Threading.CancellationToken,System.Threading.Tasks.Task`1&lt;Cress.Sdk.StepExecutionResult&gt;&gt;)" line-rate="1" branch-rate="1" complexity="1">
              <lines>
                <line number="13" hits="4" branch="false" />
              </lines>
            </method>
          </methods>
          <lines>
            <line number="13" hits="4" branch="false" />
            <line number="14" hits="4" branch="false" />
            <line number="15" hits="7" branch="false" />
          </lines>
        </class>
      </classes>
    </package>
    <package name="Cress.ServiceDefaults" line-rate="0.9555555555555556" branch-rate="0.8888888888888888" complexity="18">
      <classes>
        <class name="Cress.ServiceDefaults.Extensions" filename="C:\git\Cress\src\Cress.ServiceDefaults\Extensions.cs" line-rate="0.9555555555555556" branch-rate="0.8888888888888888" complexity="18">
          <methods>
            <method name="AddServiceDefaults" signature="(TBuilder)" line-rate="1" branch-rate="1" complexity="2">
              <lines>
                <line number="21" hits="2" branch="false" />
                <line number="22" hits="2" branch="false" />
                <line number="24" hits="2" branch="false" />
                <line number="25" hits="2" branch="true" condition-coverage="100% (2/2)" />
                <line number="26" hits="2" branch="false" />
                <line number="27" hits="2" branch="false" />
                <line number="28" hits="2" branch="false" />
                <line number="29" hits="4" branch="false" />
                <line number="31" hits="2" branch="false" />
              </lines>
            </method>
            <method name="ConfigureOpenTelemetry" signature="(TBuilder)" line-rate="0.9615384615384616" branch-rate="0.8333333333333334" complexity="12">
              <lines>
                <line number="37" hits="2" branch="true" condition-coverage="100% (2/2)" />
                <line number="38" hits="2" branch="false" />
                <line number="39" hits="2" branch="false" />
                <line number="40" hits="2" branch="false" />
                <line number="41" hits="4" branch="false" />
                <line number="43" hits="2" branch="true" condition-coverage="100% (2/2)" />
                <line number="44" hits="2" branch="false" />
                <line number="45" hits="2" branch="false" />
                <line number="46" hits="2" branch="false" />
                <line number="47" hits="2" branch="false" />
                <line number="48" hits="2" branch="false" />
                <line number="49" hits="2" branch="false" />
                <line number="50" hits="2" branch="false" />
                <line number="51" hits="2" branch="false" />
                <line number="52" hits="2" branch="false" />
                <line number="53" hits="2" branch="true" condition-coverage="100% (2/2)" />
                <line number="54" hits="2" branch="false" />
                <line number="55" hits="2" branch="false" />
                <line number="56" hits="2" branch="true" condition-coverage="100% (2/2)" />
                <line number="57" hits="26" branch="true" condition-coverage="50% (1/2)" />
                <line number="58" hits="26" branch="false" />
                <line number="59" hits="2" branch="false" />
                <line number="60" hits="4" branch="false" />
                <line number="62" hits="2" branch="true" condition-coverage="50% (1/2)" />
                <line number="64" hits="0" branch="false" />
                <line number="67" hits="2" branch="false" />
              </lines>
            </method>
            <method name="AddDefaultHealthChecks" signature="(TBuilder)" line-rate="1" branch-rate="1" complexity="2">
              <lines>
                <line number="73" hits="2" branch="true" condition-coverage="100% (2/2)" />
                <line number="74" hits="2" branch="false" />
                <line number="76" hits="2" branch="false" />
              </lines>
            </method>
            <method name="MapDefaultEndpoints" signature="(Microsoft.AspNetCore.Builder.WebApplication)" line-rate="0.8571428571428571" branch-rate="1" complexity="2">
              <lines>
                <line number="81" hits="2" branch="true" condition-coverage="100% (2/2)" />
                <line number="83" hits="2" branch="false" />
                <line number="84" hits="2" branch="false" />
                <line number="85" hits="2" branch="false" />
                <line number="86" hits="0" branch="false" />
                <line number="87" hits="2" branch="false" />
                <line number="90" hits="2" branch="false" />
              </lines>
            </method>
          </methods>
          <lines>
            <line number="21" hits="2" branch="false" />
            <line number="22" hits="2" branch="false" />
            <line number="24" hits="2" branch="false" />
            <line number="25" hits="2" branch="true" condition-coverage="100% (2/2)" />
            <line number="26" hits="2" branch="false" />
            <line number="27" hits="2" branch="false" />
            <line number="28" hits="2" branch="false" />
            <line number="29" hits="4" branch="false" />
            <line number="31" hits="2" branch="false" />
            <line number="37" hits="2" branch="true" condition-coverage="100% (2/2)" />
            <line number="38" hits="2" branch="false" />
            <line number="39" hits="2" branch="false" />
            <line number="40" hits="2" branch="false" />
            <line number="41" hits="4" branch="false" />
            <line number="43" hits="2" branch="true" condition-coverage="100% (2/2)" />
            <line number="44" hits="2" branch="false" />
            <line number="45" hits="2" branch="false" />
            <line number="46" hits="2" branch="false" />
            <line number="47" hits="2" branch="false" />
            <line number="48" hits="2" branch="false" />
            <line number="49" hits="2" branch="false" />
            <line number="50" hits="2" branch="false" />
            <line number="51" hits="2" branch="false" />
            <line number="52" hits="2" branch="false" />
            <line number="53" hits="2" branch="true" condition-coverage="100% (2/2)" />
            <line number="54" hits="2" branch="false" />
            <line number="55" hits="2" branch="false" />
            <line number="56" hits="2" branch="true" condition-coverage="100% (2/2)" />
            <line number="57" hits="26" branch="true" condition-coverage="50% (1/2)" />
            <line number="58" hits="26" branch="false" />
            <line number="59" hits="2" branch="false" />
            <line number="60" hits="4" branch="false" />
            <line number="62" hits="2" branch="true" condition-coverage="50% (1/2)" />
            <line number="64" hits="0" branch="false" />
            <line number="67" hits="2" branch="false" />
            <line number="73" hits="2" branch="true" condition-coverage="100% (2/2)" />
            <line number="74" hits="2" branch="false" />
            <line number="76" hits="2" branch="false" />
            <line number="81" hits="2" branch="true" condition-coverage="100% (2/2)" />
            <line number="83" hits="2" branch="false" />
            <line number="84" hits="2" branch="false" />
            <line number="85" hits="2" branch="false" />
            <line number="86" hits="0" branch="false" />
            <line number="87" hits="2" branch="false" />
            <line number="90" hits="2" branch="false" />
          </lines>
        </class>
      </classes>
    </package>
  </packages>
</coverage>